<?xml version="1.0" encoding="UTF-8"?>
<!-- Generated by org.testng.reporters.JUnitReportReporter -->
<testsuite hostname="DESKTOP-CJCE1FP" failures="0" tests="1" name="com.genesys.genesysproject.OrderCompleteTest" time="4.623" errors="0" timestamp="2025-03-23T13:33:54 GMT" skipped="0">
  <testcase classname="com.genesys.genesysproject.OrderCompleteTest" name="endToEndTest" time="4.623"/>
  <system-out/>
</testsuite> <!-- com.genesys.genesysproject.OrderCompleteTest -->
