<?xml version="1.0" encoding="UTF-8"?>
<!-- Generated by org.testng.reporters.JUnitReportReporter -->
<testsuite hostname="DESKTOP-CJCE1FP" failures="0" tests="8" name="com.ryanair.FlightSelectionTest" time="97.706" errors="0" timestamp="2025-04-08T14:42:40 IST" skipped="0">
  <testcase classname="com.ryanair.FlightSelectionTest" name="searchFlightTest" time="21.001"/>
  <system-out/>
  <testcase classname="com.ryanair.FlightSelectionTest" name="selectFlightTest" time="17.199"/>
  <system-out/>
  <testcase classname="com.ryanair.FlightSelectionTest" name="selectSeatTest" time="16.437"/>
  <system-out/>
  <testcase classname="com.ryanair.FlightSelectionTest" name="selectSeatTest" time="7.373"/>
  <system-out/>
  <testcase classname="com.ryanair.FlightSelectionTest" name="bagSelectionTest" time="0.394"/>
  <system-out/>
  <testcase classname="com.ryanair.FlightSelectionTest" name="searchFlightTest" time="28.244"/>
  <system-out/>
  <testcase classname="com.ryanair.FlightSelectionTest" name="bagSelectionTest" time="0.519"/>
  <system-out/>
  <testcase classname="com.ryanair.FlightSelectionTest" name="selectFlightTest" time="6.539"/>
  <system-out/>
</testsuite> <!-- com.ryanair.FlightSelectionTest -->
