<?xml version="1.0" encoding="UTF-8"?>
<!-- Generated by org.testng.reporters.JUnitReportReporter -->
<testsuite hostname="DESKTOP-CJCE1FP" failures="0" tests="8" name="com.ryanair.FlightSelectionTest" time="57.572" errors="0" timestamp="2025-04-10T16:59:54 IST" skipped="0">
  <testcase classname="com.ryanair.FlightSelectionTest" name="selectSeatTest" time="7.050"/>
  <system-out/>
  <testcase classname="com.ryanair.FlightSelectionTest" name="selectSeatTest" time="8.817"/>
  <system-out/>
  <testcase classname="com.ryanair.FlightSelectionTest" name="selectFlightTest" time="6.764"/>
  <system-out/>
  <testcase classname="com.ryanair.FlightSelectionTest" name="selectFlightTest" time="8.085"/>
  <system-out/>
  <testcase classname="com.ryanair.FlightSelectionTest" name="bagSelectionTest" time="0.320"/>
  <system-out/>
  <testcase classname="com.ryanair.FlightSelectionTest" name="bagSelectionTest" time="0.650"/>
  <system-out/>
  <testcase classname="com.ryanair.FlightSelectionTest" name="searchFlightTest" time="13.707"/>
  <system-out/>
  <testcase classname="com.ryanair.FlightSelectionTest" name="searchFlightTest" time="12.179"/>
  <system-out/>
</testsuite> <!-- com.ryanair.FlightSelectionTest -->
