<?xml version="1.0" encoding="UTF-8"?>
<!-- Generated by org.testng.reporters.JUnitReportReporter -->
<testsuite hostname="DESKTOP-CJCE1FP" failures="0" tests="8" name="com.ryanair.FlightSelectionTest" time="72.513" errors="0" timestamp="2025-04-08T14:44:25 IST" skipped="0">
  <testcase classname="com.ryanair.FlightSelectionTest" name="selectSeatTest" time="9.402"/>
  <system-out/>
  <testcase classname="com.ryanair.FlightSelectionTest" name="selectFlightTest" time="8.807"/>
  <system-out/>
  <testcase classname="com.ryanair.FlightSelectionTest" name="bagSelectionTest" time="0.553"/>
  <system-out/>
  <testcase classname="com.ryanair.FlightSelectionTest" name="bagSelectionTest" time="0.537"/>
  <system-out/>
  <testcase classname="com.ryanair.FlightSelectionTest" name="selectSeatTest" time="8.484"/>
  <system-out/>
  <testcase classname="com.ryanair.FlightSelectionTest" name="selectFlightTest" time="7.407"/>
  <system-out/>
  <testcase classname="com.ryanair.FlightSelectionTest" name="searchFlightTest" time="18.791"/>
  <system-out/>
  <testcase classname="com.ryanair.FlightSelectionTest" name="searchFlightTest" time="18.532"/>
  <system-out/>
</testsuite> <!-- com.ryanair.FlightSelectionTest -->
